0 info it worked if it ends with ok
1 verbose cli [ '/usr/local/bin/node', '/usr/local/bin/npm', 'publish' ]
2 info using npm@4.1.2
3 info using node@v7.4.0
4 verbose publish [ '.' ]
5 silly cache add args [ '.', null ]
6 verbose cache add spec .
7 silly cache add parsed spec Result {
7 silly cache add   raw: '.',
7 silly cache add   scope: null,
7 silly cache add   escapedName: null,
7 silly cache add   name: null,
7 silly cache add   rawSpec: '.',
7 silly cache add   spec: '/Users/jillukowicz/GitHub/pico-m8',
7 silly cache add   type: 'directory' }
8 verbose addLocalDirectory /Users/jillukowicz/.npm/pico-m8/0.0.1/package.tgz not in flight; packing
9 verbose correctMkdir /Users/jillukowicz/.npm correctMkdir not in flight; initializing
10 info lifecycle pico-m8@0.0.1~prepublish: pico-m8@0.0.1
11 silly lifecycle pico-m8@0.0.1~prepublish: no script for prepublish, continuing
12 info lifecycle pico-m8@0.0.1~prepare: pico-m8@0.0.1
13 silly lifecycle pico-m8@0.0.1~prepare: no script for prepare, continuing
14 verbose tar pack [ '/Users/jillukowicz/.npm/pico-m8/0.0.1/package.tgz',
14 verbose tar pack   '/Users/jillukowicz/GitHub/pico-m8' ]
15 verbose tarball /Users/jillukowicz/.npm/pico-m8/0.0.1/package.tgz
16 verbose folder /Users/jillukowicz/GitHub/pico-m8
17 verbose addLocalTarball adding from inside cache /Users/jillukowicz/.npm/pico-m8/0.0.1/package.tgz
18 verbose correctMkdir /Users/jillukowicz/.npm correctMkdir not in flight; initializing
19 silly cache afterAdd pico-m8@0.0.1
20 verbose afterAdd /Users/jillukowicz/.npm/pico-m8/0.0.1/package/package.json not in flight; writing
21 verbose correctMkdir /Users/jillukowicz/.npm correctMkdir not in flight; initializing
22 verbose afterAdd /Users/jillukowicz/.npm/pico-m8/0.0.1/package/package.json written
23 silly publish { name: 'pico-m8',
23 silly publish   version: '0.0.1',
23 silly publish   private: false,
23 silly publish   bin: { 'pico-m8': './pico-m8.js' },
23 silly publish   dependencies: { commander: '^2.9.0' },
23 silly publish   description: 'Pico-8 dev tools',
23 silly publish   main: 'pico-m8.js',
23 silly publish   devDependencies: {},
23 silly publish   author: { name: 'jillukowicz' },
23 silly publish   license: 'ISC',
23 silly publish   readme: 'ERROR: No README data found!',
23 silly publish   _id: 'pico-m8@0.0.1',
23 silly publish   scripts: {},
23 silly publish   _shasum: '984375707ead7357aaee6c03a6d7addded50270a',
23 silly publish   _from: '.' }
24 info lifecycle pico-m8@0.0.1~prepublishOnly: pico-m8@0.0.1
25 silly lifecycle pico-m8@0.0.1~prepublishOnly: no script for prepublishOnly, continuing
26 verbose getPublishConfig undefined
27 silly mapToRegistry name pico-m8
28 silly mapToRegistry using default registry
29 silly mapToRegistry registry https://registry.npmjs.org/
30 silly mapToRegistry data Result {
30 silly mapToRegistry   raw: 'pico-m8',
30 silly mapToRegistry   scope: null,
30 silly mapToRegistry   escapedName: 'pico-m8',
30 silly mapToRegistry   name: 'pico-m8',
30 silly mapToRegistry   rawSpec: '',
30 silly mapToRegistry   spec: 'latest',
30 silly mapToRegistry   type: 'tag' }
31 silly mapToRegistry uri https://registry.npmjs.org/pico-m8
32 verbose publish registryBase https://registry.npmjs.org/
33 silly publish uploading /Users/jillukowicz/.npm/pico-m8/0.0.1/package.tgz
34 verbose request uri https://registry.npmjs.org/pico-m8
35 verbose request sending authorization for write operation
36 info attempt registry request try #1 at 4:39:39 PM
37 verbose request using bearer token for auth
38 verbose request id 02503c29004d1892
39 http request PUT https://registry.npmjs.org/pico-m8
40 http 403 https://registry.npmjs.org/pico-m8
41 verbose headers { 'content-type': 'application/json',
41 verbose headers   'cache-control': 'max-age=300',
41 verbose headers   'content-length': '95',
41 verbose headers   'accept-ranges': 'bytes',
41 verbose headers   date: 'Sat, 11 Feb 2017 15:39:35 GMT',
41 verbose headers   via: '1.1 varnish',
41 verbose headers   connection: 'keep-alive',
41 verbose headers   'x-served-by': 'cache-ams4143-AMS',
41 verbose headers   'x-cache': 'MISS',
41 verbose headers   'x-cache-hits': '0',
41 verbose headers   'x-timer': 'S1486827574.553382,VS0,VE1045',
41 verbose headers   vary: 'Accept-Encoding' }
42 verbose request invalidating /Users/jillukowicz/.npm/registry.npmjs.org/pico-m8 on PUT
43 error publish Failed PUT 403
44 verbose stack Error: "You cannot publish over the previously published version 0.0.1." : pico-m8
44 verbose stack     at makeError (/usr/local/lib/node_modules/npm/node_modules/npm-registry-client/lib/request.js:304:12)
44 verbose stack     at CachingRegistryClient.<anonymous> (/usr/local/lib/node_modules/npm/node_modules/npm-registry-client/lib/request.js:292:14)
44 verbose stack     at Request._callback (/usr/local/lib/node_modules/npm/node_modules/npm-registry-client/lib/request.js:212:14)
44 verbose stack     at Request.self.callback (/usr/local/lib/node_modules/npm/node_modules/request/request.js:186:22)
44 verbose stack     at emitTwo (events.js:106:13)
44 verbose stack     at Request.emit (events.js:191:7)
44 verbose stack     at Request.<anonymous> (/usr/local/lib/node_modules/npm/node_modules/request/request.js:1081:10)
44 verbose stack     at emitOne (events.js:96:13)
44 verbose stack     at Request.emit (events.js:188:7)
44 verbose stack     at IncomingMessage.<anonymous> (/usr/local/lib/node_modules/npm/node_modules/request/request.js:1001:12)
45 verbose statusCode 403
46 verbose pkgid pico-m8
47 verbose cwd /Users/jillukowicz/GitHub/pico-m8
48 error Darwin 16.4.0
49 error argv "/usr/local/bin/node" "/usr/local/bin/npm" "publish"
50 error node v7.4.0
51 error npm  v4.1.2
52 error code E403
53 error "You cannot publish over the previously published version 0.0.1." : pico-m8
54 error If you need help, you may report this error at:
54 error     <https://github.com/npm/npm/issues>
55 verbose exit [ 1, true ]
